<?xml version="1.0" encoding="UTF-8"?>
<!-- Generated by org.testng.reporters.JUnitXMLReporter -->
<testsuite ignored="0" hostname="kumud-pc" failures="0" tests="4" name="Surefire test" time="7.663" errors="0" timestamp="2022-11-30T01:18:35 NPT">
  <testcase classname="beginner.TestNGDataDriven" name="testInvalidTokenRequest" time="4.143"/>
  <testcase classname="beginner.TestNGDataDriven" name="testInvalidTokenRequest" time="1.275"/>
  <testcase classname="beginner.TestNGDataDriven" name="testInvalidTokenRequest" time="0.992"/>
  <testcase classname="beginner.TestNGFirstAPITest" name="verifyStatusCode" time="1.023"/>
</testsuite> <!-- Surefire test -->
