<?xml version="1.0" encoding="UTF-8"?>
<!-- Generated by org.testng.reporters.JUnitXMLReporter -->
<testsuite ignored="1" hostname="kumud-pc" failures="0" tests="6" name="ListUsers" time="13.223" errors="0" timestamp="2022-11-30T01:18:25 NPT">
  <testcase classname="servicesTestSuite.token.getRefreshToken" name="invalidRefreshTokenIsPassed" time="3.754"/>
  <testcase classname="servicesTestSuite.token.getRefreshToken" name="validRequestIsSubmitted" time="2.881"/>
  <testcase classname="servicesTestSuite.token.getAccessToken" name="testNoCredentialsIsPassed" time="1.242"/>
  <testcase classname="servicesTestSuite.token.getAccessToken" name="testWhenPassedInvalidCredentials" time="1.484"/>
  <testcase classname="servicesTestSuite.token.getAccessToken" name="validateWhenInvalidMethodIsPassed" time="1.203"/>
  <testcase classname="servicesTestSuite.token.getAccessToken" name="verifyValidGetTokenRequest" time="1.328"/>
  <testcase classname="servicesTestSuite.BaseRequest" name="@BeforeTest setEndPoint" time="0.0">
    <ignored/>
  </testcase> <!-- @BeforeTest setEndPoint -->
</testsuite> <!-- ListUsers -->
