<?xml version="1.0" encoding="UTF-8"?>
<testng-results ignored="0" total="4" passed="4" failed="0" skipped="0">
  <reporter-output>
  </reporter-output>
  <suite started-at="2022-11-30T01:18:27 NPT" name="Surefire suite" finished-at="2022-11-30T01:18:35 NPT" duration-ms="7663">
    <groups>
    </groups>
    <test started-at="2022-11-30T01:18:27 NPT" name="Surefire test" finished-at="2022-11-30T01:18:35 NPT" duration-ms="7663">
      <class name="beginner.TestNGDataDriven">
        <test-method signature="testInvalidTokenRequest(java.lang.String)[pri:0, instance:beginner.TestNGDataDriven@5eefa415]" started-at="2022-11-30T01:18:27 NPT" name="testInvalidTokenRequest" data-provider="files" finished-at="2022-11-30T01:18:32 NPT" duration-ms="4143" status="PASS">
          <params>
            <param index="0">
              <value>
                <![CDATA[src/test/java/beginner/JSONFile/data1.json]]>
              </value>
            </param>
          </params>
          <reporter-output>
          </reporter-output>
        </test-method> <!-- testInvalidTokenRequest -->
        <test-method signature="testInvalidTokenRequest(java.lang.String)[pri:0, instance:beginner.TestNGDataDriven@5eefa415]" started-at="2022-11-30T01:18:32 NPT" name="testInvalidTokenRequest" data-provider="files" finished-at="2022-11-30T01:18:33 NPT" duration-ms="1275" status="PASS">
          <params>
            <param index="0">
              <value>
                <![CDATA[src/test/java/beginner/JSONFile/data2.json]]>
              </value>
            </param>
          </params>
          <reporter-output>
          </reporter-output>
        </test-method> <!-- testInvalidTokenRequest -->
        <test-method signature="testInvalidTokenRequest(java.lang.String)[pri:0, instance:beginner.TestNGDataDriven@5eefa415]" started-at="2022-11-30T01:18:33 NPT" name="testInvalidTokenRequest" data-provider="files" finished-at="2022-11-30T01:18:34 NPT" duration-ms="992" status="PASS">
          <params>
            <param index="0">
              <value>
                <![CDATA[src/test/java/beginner/JSONFile/data3.json]]>
              </value>
            </param>
          </params>
          <reporter-output>
          </reporter-output>
        </test-method> <!-- testInvalidTokenRequest -->
      </class> <!-- beginner.TestNGDataDriven -->
      <class name="beginner.TestNGFirstAPITest">
        <test-method signature="verifyStatusCode()[pri:0, instance:beginner.TestNGFirstAPITest@757f675c]" started-at="2022-11-30T01:18:34 NPT" name="verifyStatusCode" finished-at="2022-11-30T01:18:35 NPT" duration-ms="1023" status="PASS">
          <reporter-output>
          </reporter-output>
        </test-method> <!-- verifyStatusCode -->
      </class> <!-- beginner.TestNGFirstAPITest -->
    </test> <!-- Surefire test -->
  </suite> <!-- Surefire suite -->
</testng-results>
