<?xml version="1.0" encoding="UTF-8"?>
<testsuite xmlns:xsi="http://www.w3.org/2001/XMLSchema-instance" xsi:noNamespaceSchemaLocation="https://maven.apache.org/surefire/maven-surefire-plugin/xsd/surefire-test-report.xsd" name="TestSuite" time="9.218" tests="4" errors="0" skipped="0" failures="0">
  <properties>
[...]
</properties>
  <testcase name="testInvalidTokenRequest" classname="beginner.TestNGDataDriven" time="4.248"/>
  <testcase name="testInvalidTokenRequest" classname="beginner.TestNGDataDriven" time="1.278"/>
  <testcase name="testInvalidTokenRequest" classname="beginner.TestNGDataDriven" time="0.994"/>
  <testcase name="verifyStatusCode" classname="beginner.TestNGFirstAPITest" time="1.025"/>
</testsuite>